==11440== Memcheck, a memory error detector
==11440== Copyright (C) 2002-2015, and GNU GPL'd, by Julian Seward et al.
==11440== Using Valgrind-3.11.0 and LibVEX; rerun with -h for copyright info
==11440== Command: ./bin/usbDaemon
==11440== Parent PID: 20350
==11440== 
==11440== 
==11440== HEAP SUMMARY:
==11440==     in use at exit: 0 bytes in 0 blocks
==11440==   total heap usage: 1 allocs, 1 frees, 1,024 bytes allocated
==11440== 
==11440== All heap blocks were freed -- no leaks are possible
==11440== 
==11440== For counts of detected and suppressed errors, rerun with: -v
==11440== ERROR SUMMARY: 0 errors from 0 contexts (suppressed: 0 from 0)
==11466== Thread 3:
==11466== Invalid write of size 1
==11466==    at 0x4C31060: strcpy (in /usr/lib/valgrind/vgpreload_memcheck-amd64-linux.so)
==11466==    by 0x401CE2: enumerate_devices (in /home/joelerll/espol-2017/programacion_sistemas/proyecto/bin/usbDaemon)
==11466==    by 0x403788: enumerarDispositivos (in /home/joelerll/espol-2017/programacion_sistemas/proyecto/bin/usbDaemon)
==11466==    by 0x504C6B9: start_thread (pthread_create.c:333)
==11466==    by 0x53693DC: clone (clone.S:109)
==11466==  Address 0x779cb01 is 0 bytes after a block of size 1 alloc'd
==11466==    at 0x4C2DB8F: malloc (in /usr/lib/valgrind/vgpreload_memcheck-amd64-linux.so)
==11466==    by 0x401CC0: enumerate_devices (in /home/joelerll/espol-2017/programacion_sistemas/proyecto/bin/usbDaemon)
==11466==    by 0x403788: enumerarDispositivos (in /home/joelerll/espol-2017/programacion_sistemas/proyecto/bin/usbDaemon)
==11466==    by 0x504C6B9: start_thread (pthread_create.c:333)
==11466==    by 0x53693DC: clone (clone.S:109)
==11466== 
==11466== Invalid write of size 1
==11466==    at 0x4C3106F: strcpy (in /usr/lib/valgrind/vgpreload_memcheck-amd64-linux.so)
==11466==    by 0x401CE2: enumerate_devices (in /home/joelerll/espol-2017/programacion_sistemas/proyecto/bin/usbDaemon)
==11466==    by 0x403788: enumerarDispositivos (in /home/joelerll/espol-2017/programacion_sistemas/proyecto/bin/usbDaemon)
==11466==    by 0x504C6B9: start_thread (pthread_create.c:333)
==11466==    by 0x53693DC: clone (clone.S:109)
==11466==  Address 0x779cb08 is 7 bytes after a block of size 1 alloc'd
==11466==    at 0x4C2DB8F: malloc (in /usr/lib/valgrind/vgpreload_memcheck-amd64-linux.so)
==11466==    by 0x401CC0: enumerate_devices (in /home/joelerll/espol-2017/programacion_sistemas/proyecto/bin/usbDaemon)
==11466==    by 0x403788: enumerarDispositivos (in /home/joelerll/espol-2017/programacion_sistemas/proyecto/bin/usbDaemon)
==11466==    by 0x504C6B9: start_thread (pthread_create.c:333)
==11466==    by 0x53693DC: clone (clone.S:109)
==11466== 
==11466== Invalid write of size 1
==11466==    at 0x4C31060: strcpy (in /usr/lib/valgrind/vgpreload_memcheck-amd64-linux.so)
==11466==    by 0x401D7E: actLista (in /home/joelerll/espol-2017/programacion_sistemas/proyecto/bin/usbDaemon)
==11466==    by 0x401CF5: enumerate_devices (in /home/joelerll/espol-2017/programacion_sistemas/proyecto/bin/usbDaemon)
==11466==    by 0x403788: enumerarDispositivos (in /home/joelerll/espol-2017/programacion_sistemas/proyecto/bin/usbDaemon)
==11466==    by 0x504C6B9: start_thread (pthread_create.c:333)
==11466==    by 0x53693DC: clone (clone.S:109)
==11466==  Address 0x7f98e91 is 0 bytes after a block of size 1 alloc'd
==11466==    at 0x4C2DB8F: malloc (in /usr/lib/valgrind/vgpreload_memcheck-amd64-linux.so)
==11466==    by 0x401D57: actLista (in /home/joelerll/espol-2017/programacion_sistemas/proyecto/bin/usbDaemon)
==11466==    by 0x401CF5: enumerate_devices (in /home/joelerll/espol-2017/programacion_sistemas/proyecto/bin/usbDaemon)
==11466==    by 0x403788: enumerarDispositivos (in /home/joelerll/espol-2017/programacion_sistemas/proyecto/bin/usbDaemon)
==11466==    by 0x504C6B9: start_thread (pthread_create.c:333)
==11466==    by 0x53693DC: clone (clone.S:109)
==11466== 
==11466== Invalid write of size 1
==11466==    at 0x4C3106F: strcpy (in /usr/lib/valgrind/vgpreload_memcheck-amd64-linux.so)
==11466==    by 0x401D7E: actLista (in /home/joelerll/espol-2017/programacion_sistemas/proyecto/bin/usbDaemon)
==11466==    by 0x401CF5: enumerate_devices (in /home/joelerll/espol-2017/programacion_sistemas/proyecto/bin/usbDaemon)
==11466==    by 0x403788: enumerarDispositivos (in /home/joelerll/espol-2017/programacion_sistemas/proyecto/bin/usbDaemon)
==11466==    by 0x504C6B9: start_thread (pthread_create.c:333)
==11466==    by 0x53693DC: clone (clone.S:109)
==11466==  Address 0x7f98e94 is 3 bytes after a block of size 1 alloc'd
==11466==    at 0x4C2DB8F: malloc (in /usr/lib/valgrind/vgpreload_memcheck-amd64-linux.so)
==11466==    by 0x401D57: actLista (in /home/joelerll/espol-2017/programacion_sistemas/proyecto/bin/usbDaemon)
==11466==    by 0x401CF5: enumerate_devices (in /home/joelerll/espol-2017/programacion_sistemas/proyecto/bin/usbDaemon)
==11466==    by 0x403788: enumerarDispositivos (in /home/joelerll/espol-2017/programacion_sistemas/proyecto/bin/usbDaemon)
==11466==    by 0x504C6B9: start_thread (pthread_create.c:333)
==11466==    by 0x53693DC: clone (clone.S:109)
==11466== 
==11466== Invalid read of size 1
==11466==    at 0x401FFA: getMount (in /home/joelerll/espol-2017/programacion_sistemas/proyecto/bin/usbDaemon)
==11466==    by 0x401EEA: anadirLista (in /home/joelerll/espol-2017/programacion_sistemas/proyecto/bin/usbDaemon)
==11466==    by 0x401DB5: actLista (in /home/joelerll/espol-2017/programacion_sistemas/proyecto/bin/usbDaemon)
==11466==    by 0x401CF5: enumerate_devices (in /home/joelerll/espol-2017/programacion_sistemas/proyecto/bin/usbDaemon)
==11466==    by 0x403788: enumerarDispositivos (in /home/joelerll/espol-2017/programacion_sistemas/proyecto/bin/usbDaemon)
==11466==    by 0x504C6B9: start_thread (pthread_create.c:333)
==11466==    by 0x53693DC: clone (clone.S:109)
==11466==  Address 0x779cb01 is 0 bytes after a block of size 1 alloc'd
==11466==    at 0x4C2DB8F: malloc (in /usr/lib/valgrind/vgpreload_memcheck-amd64-linux.so)
==11466==    by 0x401CC0: enumerate_devices (in /home/joelerll/espol-2017/programacion_sistemas/proyecto/bin/usbDaemon)
==11466==    by 0x403788: enumerarDispositivos (in /home/joelerll/espol-2017/programacion_sistemas/proyecto/bin/usbDaemon)
==11466==    by 0x504C6B9: start_thread (pthread_create.c:333)
==11466==    by 0x53693DC: clone (clone.S:109)
==11466== 
==11466== Invalid read of size 1
==11466==    at 0x401FBC: getMount (in /home/joelerll/espol-2017/programacion_sistemas/proyecto/bin/usbDaemon)
==11466==    by 0x401EEA: anadirLista (in /home/joelerll/espol-2017/programacion_sistemas/proyecto/bin/usbDaemon)
==11466==    by 0x401DB5: actLista (in /home/joelerll/espol-2017/programacion_sistemas/proyecto/bin/usbDaemon)
==11466==    by 0x401CF5: enumerate_devices (in /home/joelerll/espol-2017/programacion_sistemas/proyecto/bin/usbDaemon)
==11466==    by 0x403788: enumerarDispositivos (in /home/joelerll/espol-2017/programacion_sistemas/proyecto/bin/usbDaemon)
==11466==    by 0x504C6B9: start_thread (pthread_create.c:333)
==11466==    by 0x53693DC: clone (clone.S:109)
==11466==  Address 0x779cb01 is 0 bytes after a block of size 1 alloc'd
==11466==    at 0x4C2DB8F: malloc (in /usr/lib/valgrind/vgpreload_memcheck-amd64-linux.so)
==11466==    by 0x401CC0: enumerate_devices (in /home/joelerll/espol-2017/programacion_sistemas/proyecto/bin/usbDaemon)
==11466==    by 0x403788: enumerarDispositivos (in /home/joelerll/espol-2017/programacion_sistemas/proyecto/bin/usbDaemon)
==11466==    by 0x504C6B9: start_thread (pthread_create.c:333)
==11466==    by 0x53693DC: clone (clone.S:109)
==11466== 
==11466== Invalid write of size 1
==11466==    at 0x4C31060: strcpy (in /usr/lib/valgrind/vgpreload_memcheck-amd64-linux.so)
==11466==    by 0x401F11: anadirLista (in /home/joelerll/espol-2017/programacion_sistemas/proyecto/bin/usbDaemon)
==11466==    by 0x401DB5: actLista (in /home/joelerll/espol-2017/programacion_sistemas/proyecto/bin/usbDaemon)
==11466==    by 0x401CF5: enumerate_devices (in /home/joelerll/espol-2017/programacion_sistemas/proyecto/bin/usbDaemon)
==11466==    by 0x403788: enumerarDispositivos (in /home/joelerll/espol-2017/programacion_sistemas/proyecto/bin/usbDaemon)
==11466==    by 0x504C6B9: start_thread (pthread_create.c:333)
==11466==    by 0x53693DC: clone (clone.S:109)
==11466==  Address 0x71c70e1 is 0 bytes after a block of size 1 alloc'd
==11466==    at 0x4C2DB8F: malloc (in /usr/lib/valgrind/vgpreload_memcheck-amd64-linux.so)
==11466==    by 0x401ECC: anadirLista (in /home/joelerll/espol-2017/programacion_sistemas/proyecto/bin/usbDaemon)
==11466==    by 0x401DB5: actLista (in /home/joelerll/espol-2017/programacion_sistemas/proyecto/bin/usbDaemon)
==11466==    by 0x401CF5: enumerate_devices (in /home/joelerll/espol-2017/programacion_sistemas/proyecto/bin/usbDaemon)
==11466==    by 0x403788: enumerarDispositivos (in /home/joelerll/espol-2017/programacion_sistemas/proyecto/bin/usbDaemon)
==11466==    by 0x504C6B9: start_thread (pthread_create.c:333)
==11466==    by 0x53693DC: clone (clone.S:109)
==11466== 
==11466== Invalid write of size 1
==11466==    at 0x4C3106F: strcpy (in /usr/lib/valgrind/vgpreload_memcheck-amd64-linux.so)
==11466==    by 0x401F11: anadirLista (in /home/joelerll/espol-2017/programacion_sistemas/proyecto/bin/usbDaemon)
==11466==    by 0x401DB5: actLista (in /home/joelerll/espol-2017/programacion_sistemas/proyecto/bin/usbDaemon)
==11466==    by 0x401CF5: enumerate_devices (in /home/joelerll/espol-2017/programacion_sistemas/proyecto/bin/usbDaemon)
==11466==    by 0x403788: enumerarDispositivos (in /home/joelerll/espol-2017/programacion_sistemas/proyecto/bin/usbDaemon)
==11466==    by 0x504C6B9: start_thread (pthread_create.c:333)
==11466==    by 0x53693DC: clone (clone.S:109)
==11466==  Address 0x71c70e4 is 3 bytes after a block of size 1 alloc'd
==11466==    at 0x4C2DB8F: malloc (in /usr/lib/valgrind/vgpreload_memcheck-amd64-linux.so)
==11466==    by 0x401ECC: anadirLista (in /home/joelerll/espol-2017/programacion_sistemas/proyecto/bin/usbDaemon)
==11466==    by 0x401DB5: actLista (in /home/joelerll/espol-2017/programacion_sistemas/proyecto/bin/usbDaemon)
==11466==    by 0x401CF5: enumerate_devices (in /home/joelerll/espol-2017/programacion_sistemas/proyecto/bin/usbDaemon)
==11466==    by 0x403788: enumerarDispositivos (in /home/joelerll/espol-2017/programacion_sistemas/proyecto/bin/usbDaemon)
==11466==    by 0x504C6B9: start_thread (pthread_create.c:333)
==11466==    by 0x53693DC: clone (clone.S:109)
==11466== 
==11466== Invalid write of size 1
==11466==    at 0x4C31060: strcpy (in /usr/lib/valgrind/vgpreload_memcheck-amd64-linux.so)
==11466==    by 0x401F34: anadirLista (in /home/joelerll/espol-2017/programacion_sistemas/proyecto/bin/usbDaemon)
==11466==    by 0x401DB5: actLista (in /home/joelerll/espol-2017/programacion_sistemas/proyecto/bin/usbDaemon)
==11466==    by 0x401CF5: enumerate_devices (in /home/joelerll/espol-2017/programacion_sistemas/proyecto/bin/usbDaemon)
==11466==    by 0x403788: enumerarDispositivos (in /home/joelerll/espol-2017/programacion_sistemas/proyecto/bin/usbDaemon)
==11466==    by 0x504C6B9: start_thread (pthread_create.c:333)
==11466==    by 0x53693DC: clone (clone.S:109)
==11466==  Address 0x71c7131 is 0 bytes after a block of size 1 alloc'd
==11466==    at 0x4C2DB8F: malloc (in /usr/lib/valgrind/vgpreload_memcheck-amd64-linux.so)
==11466==    by 0x401EDA: anadirLista (in /home/joelerll/espol-2017/programacion_sistemas/proyecto/bin/usbDaemon)
==11466==    by 0x401DB5: actLista (in /home/joelerll/espol-2017/programacion_sistemas/proyecto/bin/usbDaemon)
==11466==    by 0x401CF5: enumerate_devices (in /home/joelerll/espol-2017/programacion_sistemas/proyecto/bin/usbDaemon)
==11466==    by 0x403788: enumerarDispositivos (in /home/joelerll/espol-2017/programacion_sistemas/proyecto/bin/usbDaemon)
==11466==    by 0x504C6B9: start_thread (pthread_create.c:333)
==11466==    by 0x53693DC: clone (clone.S:109)
==11466== 
==11466== Invalid write of size 1
==11466==    at 0x4C3106F: strcpy (in /usr/lib/valgrind/vgpreload_memcheck-amd64-linux.so)
==11466==    by 0x401F34: anadirLista (in /home/joelerll/espol-2017/programacion_sistemas/proyecto/bin/usbDaemon)
==11466==    by 0x401DB5: actLista (in /home/joelerll/espol-2017/programacion_sistemas/proyecto/bin/usbDaemon)
==11466==    by 0x401CF5: enumerate_devices (in /home/joelerll/espol-2017/programacion_sistemas/proyecto/bin/usbDaemon)
==11466==    by 0x403788: enumerarDispositivos (in /home/joelerll/espol-2017/programacion_sistemas/proyecto/bin/usbDaemon)
==11466==    by 0x504C6B9: start_thread (pthread_create.c:333)
==11466==    by 0x53693DC: clone (clone.S:109)
==11466==  Address 0x71c7134 is 3 bytes after a block of size 1 alloc'd
==11466==    at 0x4C2DB8F: malloc (in /usr/lib/valgrind/vgpreload_memcheck-amd64-linux.so)
==11466==    by 0x401EDA: anadirLista (in /home/joelerll/espol-2017/programacion_sistemas/proyecto/bin/usbDaemon)
==11466==    by 0x401DB5: actLista (in /home/joelerll/espol-2017/programacion_sistemas/proyecto/bin/usbDaemon)
==11466==    by 0x401CF5: enumerate_devices (in /home/joelerll/espol-2017/programacion_sistemas/proyecto/bin/usbDaemon)
==11466==    by 0x403788: enumerarDispositivos (in /home/joelerll/espol-2017/programacion_sistemas/proyecto/bin/usbDaemon)
==11466==    by 0x504C6B9: start_thread (pthread_create.c:333)
==11466==    by 0x53693DC: clone (clone.S:109)
==11466== 
==11466== Invalid read of size 1
==11466==    at 0x4C30C33: strcat (in /usr/lib/valgrind/vgpreload_memcheck-amd64-linux.so)
==11466==    by 0x4028F8: toJson (in /home/joelerll/espol-2017/programacion_sistemas/proyecto/bin/usbDaemon)
==11466==    by 0x401D2E: enumerate_devices (in /home/joelerll/espol-2017/programacion_sistemas/proyecto/bin/usbDaemon)
==11466==    by 0x403788: enumerarDispositivos (in /home/joelerll/espol-2017/programacion_sistemas/proyecto/bin/usbDaemon)
==11466==    by 0x504C6B9: start_thread (pthread_create.c:333)
==11466==    by 0x53693DC: clone (clone.S:109)
==11466==  Address 0x71c70e1 is 0 bytes after a block of size 1 alloc'd
==11466==    at 0x4C2DB8F: malloc (in /usr/lib/valgrind/vgpreload_memcheck-amd64-linux.so)
==11466==    by 0x401ECC: anadirLista (in /home/joelerll/espol-2017/programacion_sistemas/proyecto/bin/usbDaemon)
==11466==    by 0x401DB5: actLista (in /home/joelerll/espol-2017/programacion_sistemas/proyecto/bin/usbDaemon)
==11466==    by 0x401CF5: enumerate_devices (in /home/joelerll/espol-2017/programacion_sistemas/proyecto/bin/usbDaemon)
==11466==    by 0x403788: enumerarDispositivos (in /home/joelerll/espol-2017/programacion_sistemas/proyecto/bin/usbDaemon)
==11466==    by 0x504C6B9: start_thread (pthread_create.c:333)
==11466==    by 0x53693DC: clone (clone.S:109)
==11466== 
==11466== Invalid read of size 1
==11466==    at 0x4C30C33: strcat (in /usr/lib/valgrind/vgpreload_memcheck-amd64-linux.so)
==11466==    by 0x40293D: toJson (in /home/joelerll/espol-2017/programacion_sistemas/proyecto/bin/usbDaemon)
==11466==    by 0x401D2E: enumerate_devices (in /home/joelerll/espol-2017/programacion_sistemas/proyecto/bin/usbDaemon)
==11466==    by 0x403788: enumerarDispositivos (in /home/joelerll/espol-2017/programacion_sistemas/proyecto/bin/usbDaemon)
==11466==    by 0x504C6B9: start_thread (pthread_create.c:333)
==11466==    by 0x53693DC: clone (clone.S:109)
==11466==  Address 0x71c7131 is 0 bytes after a block of size 1 alloc'd
==11466==    at 0x4C2DB8F: malloc (in /usr/lib/valgrind/vgpreload_memcheck-amd64-linux.so)
==11466==    by 0x401EDA: anadirLista (in /home/joelerll/espol-2017/programacion_sistemas/proyecto/bin/usbDaemon)
==11466==    by 0x401DB5: actLista (in /home/joelerll/espol-2017/programacion_sistemas/proyecto/bin/usbDaemon)
==11466==    by 0x401CF5: enumerate_devices (in /home/joelerll/espol-2017/programacion_sistemas/proyecto/bin/usbDaemon)
==11466==    by 0x403788: enumerarDispositivos (in /home/joelerll/espol-2017/programacion_sistemas/proyecto/bin/usbDaemon)
==11466==    by 0x504C6B9: start_thread (pthread_create.c:333)
==11466==    by 0x53693DC: clone (clone.S:109)
==11466== 
==11466== Invalid read of size 1
==11466==    at 0x4C30F74: strlen (in /usr/lib/valgrind/vgpreload_memcheck-amd64-linux.so)
==11466==    by 0x52ED47D: strdup (strdup.c:41)
==11466==    by 0x4E3DE28: json_object_new_string (in /lib/x86_64-linux-gnu/libjson-c.so.2.0.0)
==11466==    by 0x402970: toJson (in /home/joelerll/espol-2017/programacion_sistemas/proyecto/bin/usbDaemon)
==11466==    by 0x401D2E: enumerate_devices (in /home/joelerll/espol-2017/programacion_sistemas/proyecto/bin/usbDaemon)
==11466==    by 0x403788: enumerarDispositivos (in /home/joelerll/espol-2017/programacion_sistemas/proyecto/bin/usbDaemon)
==11466==    by 0x504C6B9: start_thread (pthread_create.c:333)
==11466==    by 0x53693DC: clone (clone.S:109)
==11466==  Address 0x779cb01 is 0 bytes after a block of size 1 alloc'd
==11466==    at 0x4C2DB8F: malloc (in /usr/lib/valgrind/vgpreload_memcheck-amd64-linux.so)
==11466==    by 0x401CC0: enumerate_devices (in /home/joelerll/espol-2017/programacion_sistemas/proyecto/bin/usbDaemon)
==11466==    by 0x403788: enumerarDispositivos (in /home/joelerll/espol-2017/programacion_sistemas/proyecto/bin/usbDaemon)
==11466==    by 0x504C6B9: start_thread (pthread_create.c:333)
==11466==    by 0x53693DC: clone (clone.S:109)
==11466== 
==11466== Invalid read of size 1
==11466==    at 0x4C32DB8: __GI_memcpy (in /usr/lib/valgrind/vgpreload_memcheck-amd64-linux.so)
==11466==    by 0x4E3DE28: json_object_new_string (in /lib/x86_64-linux-gnu/libjson-c.so.2.0.0)
==11466==    by 0x402970: toJson (in /home/joelerll/espol-2017/programacion_sistemas/proyecto/bin/usbDaemon)
==11466==    by 0x401D2E: enumerate_devices (in /home/joelerll/espol-2017/programacion_sistemas/proyecto/bin/usbDaemon)
==11466==    by 0x403788: enumerarDispositivos (in /home/joelerll/espol-2017/programacion_sistemas/proyecto/bin/usbDaemon)
==11466==    by 0x504C6B9: start_thread (pthread_create.c:333)
==11466==    by 0x53693DC: clone (clone.S:109)
==11466==  Address 0x779cb08 is 7 bytes after a block of size 1 alloc'd
==11466==    at 0x4C2DB8F: malloc (in /usr/lib/valgrind/vgpreload_memcheck-amd64-linux.so)
==11466==    by 0x401CC0: enumerate_devices (in /home/joelerll/espol-2017/programacion_sistemas/proyecto/bin/usbDaemon)
==11466==    by 0x403788: enumerarDispositivos (in /home/joelerll/espol-2017/programacion_sistemas/proyecto/bin/usbDaemon)
==11466==    by 0x504C6B9: start_thread (pthread_create.c:333)
==11466==    by 0x53693DC: clone (clone.S:109)
==11466== 
==11466== Invalid read of size 1
==11466==    at 0x4C30F74: strlen (in /usr/lib/valgrind/vgpreload_memcheck-amd64-linux.so)
==11466==    by 0x4E3DE34: json_object_new_string (in /lib/x86_64-linux-gnu/libjson-c.so.2.0.0)
==11466==    by 0x402970: toJson (in /home/joelerll/espol-2017/programacion_sistemas/proyecto/bin/usbDaemon)
==11466==    by 0x401D2E: enumerate_devices (in /home/joelerll/espol-2017/programacion_sistemas/proyecto/bin/usbDaemon)
==11466==    by 0x403788: enumerarDispositivos (in /home/joelerll/espol-2017/programacion_sistemas/proyecto/bin/usbDaemon)
==11466==    by 0x504C6B9: start_thread (pthread_create.c:333)
==11466==    by 0x53693DC: clone (clone.S:109)
==11466==  Address 0x779cb01 is 0 bytes after a block of size 1 alloc'd
==11466==    at 0x4C2DB8F: malloc (in /usr/lib/valgrind/vgpreload_memcheck-amd64-linux.so)
==11466==    by 0x401CC0: enumerate_devices (in /home/joelerll/espol-2017/programacion_sistemas/proyecto/bin/usbDaemon)
==11466==    by 0x403788: enumerarDispositivos (in /home/joelerll/espol-2017/programacion_sistemas/proyecto/bin/usbDaemon)
==11466==    by 0x504C6B9: start_thread (pthread_create.c:333)
==11466==    by 0x53693DC: clone (clone.S:109)
==11466== 
==11466== Conditional jump or move depends on uninitialised value(s)
==11466==    at 0x4E3CFA4: ??? (in /lib/x86_64-linux-gnu/libjson-c.so.2.0.0)
==11466==    by 0x4E3D15B: ??? (in /lib/x86_64-linux-gnu/libjson-c.so.2.0.0)
==11466==    by 0x4E3D7A4: ??? (in /lib/x86_64-linux-gnu/libjson-c.so.2.0.0)
==11466==    by 0x4E3D60B: json_object_to_json_string_ext (in /lib/x86_64-linux-gnu/libjson-c.so.2.0.0)
==11466==    by 0x4029D4: toJson (in /home/joelerll/espol-2017/programacion_sistemas/proyecto/bin/usbDaemon)
==11466==    by 0x401D2E: enumerate_devices (in /home/joelerll/espol-2017/programacion_sistemas/proyecto/bin/usbDaemon)
==11466==    by 0x403788: enumerarDispositivos (in /home/joelerll/espol-2017/programacion_sistemas/proyecto/bin/usbDaemon)
==11466==    by 0x504C6B9: start_thread (pthread_create.c:333)
==11466==    by 0x53693DC: clone (clone.S:109)
==11466== 
==11466== Conditional jump or move depends on uninitialised value(s)
==11466==    at 0x4E3CF33: ??? (in /lib/x86_64-linux-gnu/libjson-c.so.2.0.0)
==11466==    by 0x4E3D15B: ??? (in /lib/x86_64-linux-gnu/libjson-c.so.2.0.0)
==11466==    by 0x4E3D7A4: ??? (in /lib/x86_64-linux-gnu/libjson-c.so.2.0.0)
==11466==    by 0x4E3D60B: json_object_to_json_string_ext (in /lib/x86_64-linux-gnu/libjson-c.so.2.0.0)
==11466==    by 0x4029D4: toJson (in /home/joelerll/espol-2017/programacion_sistemas/proyecto/bin/usbDaemon)
==11466==    by 0x401D2E: enumerate_devices (in /home/joelerll/espol-2017/programacion_sistemas/proyecto/bin/usbDaemon)
==11466==    by 0x403788: enumerarDispositivos (in /home/joelerll/espol-2017/programacion_sistemas/proyecto/bin/usbDaemon)
==11466==    by 0x504C6B9: start_thread (pthread_create.c:333)
==11466==    by 0x53693DC: clone (clone.S:109)
==11466== 
==11466== Conditional jump or move depends on uninitialised value(s)
==11466==    at 0x4E3CF38: ??? (in /lib/x86_64-linux-gnu/libjson-c.so.2.0.0)
==11466==    by 0x4E3D15B: ??? (in /lib/x86_64-linux-gnu/libjson-c.so.2.0.0)
==11466==    by 0x4E3D7A4: ??? (in /lib/x86_64-linux-gnu/libjson-c.so.2.0.0)
==11466==    by 0x4E3D60B: json_object_to_json_string_ext (in /lib/x86_64-linux-gnu/libjson-c.so.2.0.0)
==11466==    by 0x4029D4: toJson (in /home/joelerll/espol-2017/programacion_sistemas/proyecto/bin/usbDaemon)
==11466==    by 0x401D2E: enumerate_devices (in /home/joelerll/espol-2017/programacion_sistemas/proyecto/bin/usbDaemon)
==11466==    by 0x403788: enumerarDispositivos (in /home/joelerll/espol-2017/programacion_sistemas/proyecto/bin/usbDaemon)
==11466==    by 0x504C6B9: start_thread (pthread_create.c:333)
==11466==    by 0x53693DC: clone (clone.S:109)
==11466== 
==11466== Conditional jump or move depends on uninitialised value(s)
==11466==    at 0x4E3CF3D: ??? (in /lib/x86_64-linux-gnu/libjson-c.so.2.0.0)
==11466==    by 0x4E3D15B: ??? (in /lib/x86_64-linux-gnu/libjson-c.so.2.0.0)
==11466==    by 0x4E3D7A4: ??? (in /lib/x86_64-linux-gnu/libjson-c.so.2.0.0)
==11466==    by 0x4E3D60B: json_object_to_json_string_ext (in /lib/x86_64-linux-gnu/libjson-c.so.2.0.0)
==11466==    by 0x4029D4: toJson (in /home/joelerll/espol-2017/programacion_sistemas/proyecto/bin/usbDaemon)
==11466==    by 0x401D2E: enumerate_devices (in /home/joelerll/espol-2017/programacion_sistemas/proyecto/bin/usbDaemon)
==11466==    by 0x403788: enumerarDispositivos (in /home/joelerll/espol-2017/programacion_sistemas/proyecto/bin/usbDaemon)
==11466==    by 0x504C6B9: start_thread (pthread_create.c:333)
==11466==    by 0x53693DC: clone (clone.S:109)
==11466== 
==11466== Conditional jump or move depends on uninitialised value(s)
==11466==    at 0x4E3CF42: ??? (in /lib/x86_64-linux-gnu/libjson-c.so.2.0.0)
==11466==    by 0x4E3D15B: ??? (in /lib/x86_64-linux-gnu/libjson-c.so.2.0.0)
==11466==    by 0x4E3D7A4: ??? (in /lib/x86_64-linux-gnu/libjson-c.so.2.0.0)
==11466==    by 0x4E3D60B: json_object_to_json_string_ext (in /lib/x86_64-linux-gnu/libjson-c.so.2.0.0)
==11466==    by 0x4029D4: toJson (in /home/joelerll/espol-2017/programacion_sistemas/proyecto/bin/usbDaemon)
==11466==    by 0x401D2E: enumerate_devices (in /home/joelerll/espol-2017/programacion_sistemas/proyecto/bin/usbDaemon)
==11466==    by 0x403788: enumerarDispositivos (in /home/joelerll/espol-2017/programacion_sistemas/proyecto/bin/usbDaemon)
==11466==    by 0x504C6B9: start_thread (pthread_create.c:333)
==11466==    by 0x53693DC: clone (clone.S:109)
==11466== 
==11466== Conditional jump or move depends on uninitialised value(s)
==11466==    at 0x4E3CFC6: ??? (in /lib/x86_64-linux-gnu/libjson-c.so.2.0.0)
==11466==    by 0x4E3D15B: ??? (in /lib/x86_64-linux-gnu/libjson-c.so.2.0.0)
==11466==    by 0x4E3D7A4: ??? (in /lib/x86_64-linux-gnu/libjson-c.so.2.0.0)
==11466==    by 0x4E3D60B: json_object_to_json_string_ext (in /lib/x86_64-linux-gnu/libjson-c.so.2.0.0)
==11466==    by 0x4029D4: toJson (in /home/joelerll/espol-2017/programacion_sistemas/proyecto/bin/usbDaemon)
==11466==    by 0x401D2E: enumerate_devices (in /home/joelerll/espol-2017/programacion_sistemas/proyecto/bin/usbDaemon)
==11466==    by 0x403788: enumerarDispositivos (in /home/joelerll/espol-2017/programacion_sistemas/proyecto/bin/usbDaemon)
==11466==    by 0x504C6B9: start_thread (pthread_create.c:333)
==11466==    by 0x53693DC: clone (clone.S:109)
==11466== 
==11466== Conditional jump or move depends on uninitialised value(s)
==11466==    at 0x4E3CFCF: ??? (in /lib/x86_64-linux-gnu/libjson-c.so.2.0.0)
==11466==    by 0x4E3D15B: ??? (in /lib/x86_64-linux-gnu/libjson-c.so.2.0.0)
==11466==    by 0x4E3D7A4: ??? (in /lib/x86_64-linux-gnu/libjson-c.so.2.0.0)
==11466==    by 0x4E3D60B: json_object_to_json_string_ext (in /lib/x86_64-linux-gnu/libjson-c.so.2.0.0)
==11466==    by 0x4029D4: toJson (in /home/joelerll/espol-2017/programacion_sistemas/proyecto/bin/usbDaemon)
==11466==    by 0x401D2E: enumerate_devices (in /home/joelerll/espol-2017/programacion_sistemas/proyecto/bin/usbDaemon)
==11466==    by 0x403788: enumerarDispositivos (in /home/joelerll/espol-2017/programacion_sistemas/proyecto/bin/usbDaemon)
==11466==    by 0x504C6B9: start_thread (pthread_create.c:333)
==11466==    by 0x53693DC: clone (clone.S:109)
==11466== 
==11466== Conditional jump or move depends on uninitialised value(s)
==11466==    at 0x4E3CFD8: ??? (in /lib/x86_64-linux-gnu/libjson-c.so.2.0.0)
==11466==    by 0x4E3D15B: ??? (in /lib/x86_64-linux-gnu/libjson-c.so.2.0.0)
==11466==    by 0x4E3D7A4: ??? (in /lib/x86_64-linux-gnu/libjson-c.so.2.0.0)
==11466==    by 0x4E3D60B: json_object_to_json_string_ext (in /lib/x86_64-linux-gnu/libjson-c.so.2.0.0)
==11466==    by 0x4029D4: toJson (in /home/joelerll/espol-2017/programacion_sistemas/proyecto/bin/usbDaemon)
==11466==    by 0x401D2E: enumerate_devices (in /home/joelerll/espol-2017/programacion_sistemas/proyecto/bin/usbDaemon)
==11466==    by 0x403788: enumerarDispositivos (in /home/joelerll/espol-2017/programacion_sistemas/proyecto/bin/usbDaemon)
==11466==    by 0x504C6B9: start_thread (pthread_create.c:333)
==11466==    by 0x53693DC: clone (clone.S:109)
==11466== 
==11466== Conditional jump or move depends on uninitialised value(s)
==11466==    at 0x4E3CFE1: ??? (in /lib/x86_64-linux-gnu/libjson-c.so.2.0.0)
==11466==    by 0x4E3D15B: ??? (in /lib/x86_64-linux-gnu/libjson-c.so.2.0.0)
==11466==    by 0x4E3D7A4: ??? (in /lib/x86_64-linux-gnu/libjson-c.so.2.0.0)
==11466==    by 0x4E3D60B: json_object_to_json_string_ext (in /lib/x86_64-linux-gnu/libjson-c.so.2.0.0)
==11466==    by 0x4029D4: toJson (in /home/joelerll/espol-2017/programacion_sistemas/proyecto/bin/usbDaemon)
==11466==    by 0x401D2E: enumerate_devices (in /home/joelerll/espol-2017/programacion_sistemas/proyecto/bin/usbDaemon)
==11466==    by 0x403788: enumerarDispositivos (in /home/joelerll/espol-2017/programacion_sistemas/proyecto/bin/usbDaemon)
==11466==    by 0x504C6B9: start_thread (pthread_create.c:333)
==11466==    by 0x53693DC: clone (clone.S:109)
==11466== 
==11466== Conditional jump or move depends on uninitialised value(s)
==11466==    at 0x4E3CFEA: ??? (in /lib/x86_64-linux-gnu/libjson-c.so.2.0.0)
==11466==    by 0x4E3D15B: ??? (in /lib/x86_64-linux-gnu/libjson-c.so.2.0.0)
==11466==    by 0x4E3D7A4: ??? (in /lib/x86_64-linux-gnu/libjson-c.so.2.0.0)
==11466==    by 0x4E3D60B: json_object_to_json_string_ext (in /lib/x86_64-linux-gnu/libjson-c.so.2.0.0)
==11466==    by 0x4029D4: toJson (in /home/joelerll/espol-2017/programacion_sistemas/proyecto/bin/usbDaemon)
==11466==    by 0x401D2E: enumerate_devices (in /home/joelerll/espol-2017/programacion_sistemas/proyecto/bin/usbDaemon)
==11466==    by 0x403788: enumerarDispositivos (in /home/joelerll/espol-2017/programacion_sistemas/proyecto/bin/usbDaemon)
==11466==    by 0x504C6B9: start_thread (pthread_create.c:333)
==11466==    by 0x53693DC: clone (clone.S:109)
==11466== 
==11466== Conditional jump or move depends on uninitialised value(s)
==11466==    at 0x4E3CFF3: ??? (in /lib/x86_64-linux-gnu/libjson-c.so.2.0.0)
==11466==    by 0x4E3D15B: ??? (in /lib/x86_64-linux-gnu/libjson-c.so.2.0.0)
==11466==    by 0x4E3D7A4: ??? (in /lib/x86_64-linux-gnu/libjson-c.so.2.0.0)
==11466==    by 0x4E3D60B: json_object_to_json_string_ext (in /lib/x86_64-linux-gnu/libjson-c.so.2.0.0)
==11466==    by 0x4029D4: toJson (in /home/joelerll/espol-2017/programacion_sistemas/proyecto/bin/usbDaemon)
==11466==    by 0x401D2E: enumerate_devices (in /home/joelerll/espol-2017/programacion_sistemas/proyecto/bin/usbDaemon)
==11466==    by 0x403788: enumerarDispositivos (in /home/joelerll/espol-2017/programacion_sistemas/proyecto/bin/usbDaemon)
==11466==    by 0x504C6B9: start_thread (pthread_create.c:333)
==11466==    by 0x53693DC: clone (clone.S:109)
==11466== 
==11466== Conditional jump or move depends on uninitialised value(s)
==11466==    at 0x4E3CFFC: ??? (in /lib/x86_64-linux-gnu/libjson-c.so.2.0.0)
==11466==    by 0x4E3D15B: ??? (in /lib/x86_64-linux-gnu/libjson-c.so.2.0.0)
==11466==    by 0x4E3D7A4: ??? (in /lib/x86_64-linux-gnu/libjson-c.so.2.0.0)
==11466==    by 0x4E3D60B: json_object_to_json_string_ext (in /lib/x86_64-linux-gnu/libjson-c.so.2.0.0)
==11466==    by 0x4029D4: toJson (in /home/joelerll/espol-2017/programacion_sistemas/proyecto/bin/usbDaemon)
==11466==    by 0x401D2E: enumerate_devices (in /home/joelerll/espol-2017/programacion_sistemas/proyecto/bin/usbDaemon)
==11466==    by 0x403788: enumerarDispositivos (in /home/joelerll/espol-2017/programacion_sistemas/proyecto/bin/usbDaemon)
==11466==    by 0x504C6B9: start_thread (pthread_create.c:333)
==11466==    by 0x53693DC: clone (clone.S:109)
==11466== 
==11466== Conditional jump or move depends on uninitialised value(s)
==11466==    at 0x4E3D005: ??? (in /lib/x86_64-linux-gnu/libjson-c.so.2.0.0)
==11466==    by 0x4E3D15B: ??? (in /lib/x86_64-linux-gnu/libjson-c.so.2.0.0)
==11466==    by 0x4E3D7A4: ??? (in /lib/x86_64-linux-gnu/libjson-c.so.2.0.0)
==11466==    by 0x4E3D60B: json_object_to_json_string_ext (in /lib/x86_64-linux-gnu/libjson-c.so.2.0.0)
==11466==    by 0x4029D4: toJson (in /home/joelerll/espol-2017/programacion_sistemas/proyecto/bin/usbDaemon)
==11466==    by 0x401D2E: enumerate_devices (in /home/joelerll/espol-2017/programacion_sistemas/proyecto/bin/usbDaemon)
==11466==    by 0x403788: enumerarDispositivos (in /home/joelerll/espol-2017/programacion_sistemas/proyecto/bin/usbDaemon)
==11466==    by 0x504C6B9: start_thread (pthread_create.c:333)
==11466==    by 0x53693DC: clone (clone.S:109)
==11466== 
==11466== Conditional jump or move depends on uninitialised value(s)
==11466==    at 0x4C30C38: strcat (in /usr/lib/valgrind/vgpreload_memcheck-amd64-linux.so)
==11466==    by 0x4029E1: toJson (in /home/joelerll/espol-2017/programacion_sistemas/proyecto/bin/usbDaemon)
==11466==    by 0x401D2E: enumerate_devices (in /home/joelerll/espol-2017/programacion_sistemas/proyecto/bin/usbDaemon)
==11466==    by 0x403788: enumerarDispositivos (in /home/joelerll/espol-2017/programacion_sistemas/proyecto/bin/usbDaemon)
==11466==    by 0x504C6B9: start_thread (pthread_create.c:333)
==11466==    by 0x53693DC: clone (clone.S:109)
==11466== 
==11466== Invalid read of size 4
==11466==    at 0x4E3D455: json_object_put (in /lib/x86_64-linux-gnu/libjson-c.so.2.0.0)
==11466==    by 0x4029F9: toJson (in /home/joelerll/espol-2017/programacion_sistemas/proyecto/bin/usbDaemon)
==11466==    by 0x401D2E: enumerate_devices (in /home/joelerll/espol-2017/programacion_sistemas/proyecto/bin/usbDaemon)
==11466==    by 0x403788: enumerarDispositivos (in /home/joelerll/espol-2017/programacion_sistemas/proyecto/bin/usbDaemon)
==11466==    by 0x504C6B9: start_thread (pthread_create.c:333)
==11466==    by 0x53693DC: clone (clone.S:109)
==11466==  Address 0x73eeda8 is 24 bytes inside a block of size 72 free'd
==11466==    at 0x4C2EDEB: free (in /usr/lib/valgrind/vgpreload_memcheck-amd64-linux.so)
==11466==    by 0x4E3D473: json_object_put (in /lib/x86_64-linux-gnu/libjson-c.so.2.0.0)
==11466==    by 0x4E40D65: lh_table_free (in /lib/x86_64-linux-gnu/libjson-c.so.2.0.0)
==11466==    by 0x4E3D1AC: ??? (in /lib/x86_64-linux-gnu/libjson-c.so.2.0.0)
==11466==    by 0x4E3D473: json_object_put (in /lib/x86_64-linux-gnu/libjson-c.so.2.0.0)
==11466==    by 0x4029ED: toJson (in /home/joelerll/espol-2017/programacion_sistemas/proyecto/bin/usbDaemon)
==11466==    by 0x401D2E: enumerate_devices (in /home/joelerll/espol-2017/programacion_sistemas/proyecto/bin/usbDaemon)
==11466==    by 0x403788: enumerarDispositivos (in /home/joelerll/espol-2017/programacion_sistemas/proyecto/bin/usbDaemon)
==11466==    by 0x504C6B9: start_thread (pthread_create.c:333)
==11466==    by 0x53693DC: clone (clone.S:109)
==11466==  Block was alloc'd at
==11466==    at 0x4C2FB55: calloc (in /usr/lib/valgrind/vgpreload_memcheck-amd64-linux.so)
==11466==    by 0x4E3D1F1: ??? (in /lib/x86_64-linux-gnu/libjson-c.so.2.0.0)
==11466==    by 0x4E3DE02: json_object_new_string (in /lib/x86_64-linux-gnu/libjson-c.so.2.0.0)
==11466==    by 0x4028C6: toJson (in /home/joelerll/espol-2017/programacion_sistemas/proyecto/bin/usbDaemon)
==11466==    by 0x401D2E: enumerate_devices (in /home/joelerll/espol-2017/programacion_sistemas/proyecto/bin/usbDaemon)
==11466==    by 0x403788: enumerarDispositivos (in /home/joelerll/espol-2017/programacion_sistemas/proyecto/bin/usbDaemon)
==11466==    by 0x504C6B9: start_thread (pthread_create.c:333)
==11466==    by 0x53693DC: clone (clone.S:109)
==11466== 
==11466== Conditional jump or move depends on uninitialised value(s)
==11466==    at 0x402A75: toJson (in /home/joelerll/espol-2017/programacion_sistemas/proyecto/bin/usbDaemon)
==11466==    by 0x401D2E: enumerate_devices (in /home/joelerll/espol-2017/programacion_sistemas/proyecto/bin/usbDaemon)
==11466==    by 0x403788: enumerarDispositivos (in /home/joelerll/espol-2017/programacion_sistemas/proyecto/bin/usbDaemon)
==11466==    by 0x504C6B9: start_thread (pthread_create.c:333)
==11466==    by 0x53693DC: clone (clone.S:109)
==11466== 
==11466== Invalid read of size 1
==11466==    at 0x4C31FB4: strcmp (in /usr/lib/valgrind/vgpreload_memcheck-amd64-linux.so)
==11466==    by 0x40336E: Lista_BuscarXiD (in /home/joelerll/espol-2017/programacion_sistemas/proyecto/bin/usbDaemon)
==11466==    by 0x401D97: actLista (in /home/joelerll/espol-2017/programacion_sistemas/proyecto/bin/usbDaemon)
==11466==    by 0x401CF5: enumerate_devices (in /home/joelerll/espol-2017/programacion_sistemas/proyecto/bin/usbDaemon)
==11466==    by 0x403788: enumerarDispositivos (in /home/joelerll/espol-2017/programacion_sistemas/proyecto/bin/usbDaemon)
==11466==    by 0x504C6B9: start_thread (pthread_create.c:333)
==11466==    by 0x53693DC: clone (clone.S:109)
==11466==  Address 0x71c7131 is 0 bytes after a block of size 1 alloc'd
==11466==    at 0x4C2DB8F: malloc (in /usr/lib/valgrind/vgpreload_memcheck-amd64-linux.so)
==11466==    by 0x401EDA: anadirLista (in /home/joelerll/espol-2017/programacion_sistemas/proyecto/bin/usbDaemon)
==11466==    by 0x401DB5: actLista (in /home/joelerll/espol-2017/programacion_sistemas/proyecto/bin/usbDaemon)
==11466==    by 0x401CF5: enumerate_devices (in /home/joelerll/espol-2017/programacion_sistemas/proyecto/bin/usbDaemon)
==11466==    by 0x403788: enumerarDispositivos (in /home/joelerll/espol-2017/programacion_sistemas/proyecto/bin/usbDaemon)
==11466==    by 0x504C6B9: start_thread (pthread_create.c:333)
==11466==    by 0x53693DC: clone (clone.S:109)
==11466== 
==11466== Invalid read of size 1
==11466==    at 0x4C31FB7: strcmp (in /usr/lib/valgrind/vgpreload_memcheck-amd64-linux.so)
==11466==    by 0x40336E: Lista_BuscarXiD (in /home/joelerll/espol-2017/programacion_sistemas/proyecto/bin/usbDaemon)
==11466==    by 0x401D97: actLista (in /home/joelerll/espol-2017/programacion_sistemas/proyecto/bin/usbDaemon)
==11466==    by 0x401CF5: enumerate_devices (in /home/joelerll/espol-2017/programacion_sistemas/proyecto/bin/usbDaemon)
==11466==    by 0x403788: enumerarDispositivos (in /home/joelerll/espol-2017/programacion_sistemas/proyecto/bin/usbDaemon)
==11466==    by 0x504C6B9: start_thread (pthread_create.c:333)
==11466==    by 0x53693DC: clone (clone.S:109)
==11466==  Address 0x7d46881 is 0 bytes after a block of size 1 alloc'd
==11466==    at 0x4C2DB8F: malloc (in /usr/lib/valgrind/vgpreload_memcheck-amd64-linux.so)
==11466==    by 0x401D57: actLista (in /home/joelerll/espol-2017/programacion_sistemas/proyecto/bin/usbDaemon)
==11466==    by 0x401CF5: enumerate_devices (in /home/joelerll/espol-2017/programacion_sistemas/proyecto/bin/usbDaemon)
==11466==    by 0x403788: enumerarDispositivos (in /home/joelerll/espol-2017/programacion_sistemas/proyecto/bin/usbDaemon)
==11466==    by 0x504C6B9: start_thread (pthread_create.c:333)
==11466==    by 0x53693DC: clone (clone.S:109)
==11466== 
==11466== Invalid read of size 1
==11466==    at 0x401FFA: getMount (in /home/joelerll/espol-2017/programacion_sistemas/proyecto/bin/usbDaemon)
==11466==    by 0x401DCE: actLista (in /home/joelerll/espol-2017/programacion_sistemas/proyecto/bin/usbDaemon)
==11466==    by 0x401CF5: enumerate_devices (in /home/joelerll/espol-2017/programacion_sistemas/proyecto/bin/usbDaemon)
==11466==    by 0x403788: enumerarDispositivos (in /home/joelerll/espol-2017/programacion_sistemas/proyecto/bin/usbDaemon)
==11466==    by 0x504C6B9: start_thread (pthread_create.c:333)
==11466==    by 0x53693DC: clone (clone.S:109)
==11466==  Address 0x7d0e841 is 0 bytes after a block of size 1 alloc'd
==11466==    at 0x4C2DB8F: malloc (in /usr/lib/valgrind/vgpreload_memcheck-amd64-linux.so)
==11466==    by 0x401CC0: enumerate_devices (in /home/joelerll/espol-2017/programacion_sistemas/proyecto/bin/usbDaemon)
==11466==    by 0x403788: enumerarDispositivos (in /home/joelerll/espol-2017/programacion_sistemas/proyecto/bin/usbDaemon)
==11466==    by 0x504C6B9: start_thread (pthread_create.c:333)
==11466==    by 0x53693DC: clone (clone.S:109)
==11466== 
==11466== Invalid read of size 1
==11466==    at 0x401FBC: getMount (in /home/joelerll/espol-2017/programacion_sistemas/proyecto/bin/usbDaemon)
==11466==    by 0x401DCE: actLista (in /home/joelerll/espol-2017/programacion_sistemas/proyecto/bin/usbDaemon)
==11466==    by 0x401CF5: enumerate_devices (in /home/joelerll/espol-2017/programacion_sistemas/proyecto/bin/usbDaemon)
==11466==    by 0x403788: enumerarDispositivos (in /home/joelerll/espol-2017/programacion_sistemas/proyecto/bin/usbDaemon)
==11466==    by 0x504C6B9: start_thread (pthread_create.c:333)
==11466==    by 0x53693DC: clone (clone.S:109)
==11466==  Address 0x7d0e841 is 0 bytes after a block of size 1 alloc'd
==11466==    at 0x4C2DB8F: malloc (in /usr/lib/valgrind/vgpreload_memcheck-amd64-linux.so)
==11466==    by 0x401CC0: enumerate_devices (in /home/joelerll/espol-2017/programacion_sistemas/proyecto/bin/usbDaemon)
==11466==    by 0x403788: enumerarDispositivos (in /home/joelerll/espol-2017/programacion_sistemas/proyecto/bin/usbDaemon)
==11466==    by 0x504C6B9: start_thread (pthread_create.c:333)
==11466==    by 0x53693DC: clone (clone.S:109)
==11466== 
==11466== Invalid write of size 1
==11466==    at 0x4C3106F: strcpy (in /usr/lib/valgrind/vgpreload_memcheck-amd64-linux.so)
==11466==    by 0x40203D: getMount (in /home/joelerll/espol-2017/programacion_sistemas/proyecto/bin/usbDaemon)
==11466==    by 0x401DCE: actLista (in /home/joelerll/espol-2017/programacion_sistemas/proyecto/bin/usbDaemon)
==11466==    by 0x401CF5: enumerate_devices (in /home/joelerll/espol-2017/programacion_sistemas/proyecto/bin/usbDaemon)
==11466==    by 0x403788: enumerarDispositivos (in /home/joelerll/espol-2017/programacion_sistemas/proyecto/bin/usbDaemon)
==11466==    by 0x504C6B9: start_thread (pthread_create.c:333)
==11466==    by 0x53693DC: clone (clone.S:109)
==11466==  Address 0x7d46e89 is 0 bytes after a block of size 25 alloc'd
==11466==    at 0x4C2DB8F: malloc (in /usr/lib/valgrind/vgpreload_memcheck-amd64-linux.so)
==11466==    by 0x402022: getMount (in /home/joelerll/espol-2017/programacion_sistemas/proyecto/bin/usbDaemon)
==11466==    by 0x401DCE: actLista (in /home/joelerll/espol-2017/programacion_sistemas/proyecto/bin/usbDaemon)
==11466==    by 0x401CF5: enumerate_devices (in /home/joelerll/espol-2017/programacion_sistemas/proyecto/bin/usbDaemon)
==11466==    by 0x403788: enumerarDispositivos (in /home/joelerll/espol-2017/programacion_sistemas/proyecto/bin/usbDaemon)
==11466==    by 0x504C6B9: start_thread (pthread_create.c:333)
==11466==    by 0x53693DC: clone (clone.S:109)
==11466== 
==11466== Invalid read of size 1
==11466==    at 0x4C30F74: strlen (in /usr/lib/valgrind/vgpreload_memcheck-amd64-linux.so)
==11466==    by 0x52ED47D: strdup (strdup.c:41)
==11466==    by 0x4E3DE28: json_object_new_string (in /lib/x86_64-linux-gnu/libjson-c.so.2.0.0)
==11466==    by 0x40295C: toJson (in /home/joelerll/espol-2017/programacion_sistemas/proyecto/bin/usbDaemon)
==11466==    by 0x401D2E: enumerate_devices (in /home/joelerll/espol-2017/programacion_sistemas/proyecto/bin/usbDaemon)
==11466==    by 0x403788: enumerarDispositivos (in /home/joelerll/espol-2017/programacion_sistemas/proyecto/bin/usbDaemon)
==11466==    by 0x504C6B9: start_thread (pthread_create.c:333)
==11466==    by 0x53693DC: clone (clone.S:109)
==11466==  Address 0x7d46e89 is 0 bytes after a block of size 25 alloc'd
==11466==    at 0x4C2DB8F: malloc (in /usr/lib/valgrind/vgpreload_memcheck-amd64-linux.so)
==11466==    by 0x402022: getMount (in /home/joelerll/espol-2017/programacion_sistemas/proyecto/bin/usbDaemon)
==11466==    by 0x401DCE: actLista (in /home/joelerll/espol-2017/programacion_sistemas/proyecto/bin/usbDaemon)
==11466==    by 0x401CF5: enumerate_devices (in /home/joelerll/espol-2017/programacion_sistemas/proyecto/bin/usbDaemon)
==11466==    by 0x403788: enumerarDispositivos (in /home/joelerll/espol-2017/programacion_sistemas/proyecto/bin/usbDaemon)
==11466==    by 0x504C6B9: start_thread (pthread_create.c:333)
==11466==    by 0x53693DC: clone (clone.S:109)
==11466== 
==11466== Invalid read of size 2
==11466==    at 0x4C32D80: __GI_memcpy (in /usr/lib/valgrind/vgpreload_memcheck-amd64-linux.so)
==11466==    by 0x4E3DE28: json_object_new_string (in /lib/x86_64-linux-gnu/libjson-c.so.2.0.0)
==11466==    by 0x40295C: toJson (in /home/joelerll/espol-2017/programacion_sistemas/proyecto/bin/usbDaemon)
==11466==    by 0x401D2E: enumerate_devices (in /home/joelerll/espol-2017/programacion_sistemas/proyecto/bin/usbDaemon)
==11466==    by 0x403788: enumerarDispositivos (in /home/joelerll/espol-2017/programacion_sistemas/proyecto/bin/usbDaemon)
==11466==    by 0x504C6B9: start_thread (pthread_create.c:333)
==11466==    by 0x53693DC: clone (clone.S:109)
==11466==  Address 0x7d46e88 is 24 bytes inside a block of size 25 alloc'd
==11466==    at 0x4C2DB8F: malloc (in /usr/lib/valgrind/vgpreload_memcheck-amd64-linux.so)
==11466==    by 0x402022: getMount (in /home/joelerll/espol-2017/programacion_sistemas/proyecto/bin/usbDaemon)
==11466==    by 0x401DCE: actLista (in /home/joelerll/espol-2017/programacion_sistemas/proyecto/bin/usbDaemon)
==11466==    by 0x401CF5: enumerate_devices (in /home/joelerll/espol-2017/programacion_sistemas/proyecto/bin/usbDaemon)
==11466==    by 0x403788: enumerarDispositivos (in /home/joelerll/espol-2017/programacion_sistemas/proyecto/bin/usbDaemon)
==11466==    by 0x504C6B9: start_thread (pthread_create.c:333)
==11466==    by 0x53693DC: clone (clone.S:109)
==11466== 
==11466== Invalid read of size 1
==11466==    at 0x4C30F74: strlen (in /usr/lib/valgrind/vgpreload_memcheck-amd64-linux.so)
==11466==    by 0x4E3DE34: json_object_new_string (in /lib/x86_64-linux-gnu/libjson-c.so.2.0.0)
==11466==    by 0x40295C: toJson (in /home/joelerll/espol-2017/programacion_sistemas/proyecto/bin/usbDaemon)
==11466==    by 0x401D2E: enumerate_devices (in /home/joelerll/espol-2017/programacion_sistemas/proyecto/bin/usbDaemon)
==11466==    by 0x403788: enumerarDispositivos (in /home/joelerll/espol-2017/programacion_sistemas/proyecto/bin/usbDaemon)
==11466==    by 0x504C6B9: start_thread (pthread_create.c:333)
==11466==    by 0x53693DC: clone (clone.S:109)
==11466==  Address 0x7d46e89 is 0 bytes after a block of size 25 alloc'd
==11466==    at 0x4C2DB8F: malloc (in /usr/lib/valgrind/vgpreload_memcheck-amd64-linux.so)
==11466==    by 0x402022: getMount (in /home/joelerll/espol-2017/programacion_sistemas/proyecto/bin/usbDaemon)
==11466==    by 0x401DCE: actLista (in /home/joelerll/espol-2017/programacion_sistemas/proyecto/bin/usbDaemon)
==11466==    by 0x401CF5: enumerate_devices (in /home/joelerll/espol-2017/programacion_sistemas/proyecto/bin/usbDaemon)
==11466==    by 0x403788: enumerarDispositivos (in /home/joelerll/espol-2017/programacion_sistemas/proyecto/bin/usbDaemon)
==11466==    by 0x504C6B9: start_thread (pthread_create.c:333)
==11466==    by 0x53693DC: clone (clone.S:109)
==11466== 
==11466== 
==11466== Process terminating with default action of signal 15 (SIGTERM)
==11466==    at 0x504D98D: pthread_join (pthread_join.c:90)
==11466==    by 0x4036AB: doHilo (in /home/joelerll/espol-2017/programacion_sistemas/proyecto/bin/usbDaemon)
==11466==    by 0x4020FF: main (in /home/joelerll/espol-2017/programacion_sistemas/proyecto/bin/usbDaemon)
==11466== 
==11466== HEAP SUMMARY:
==11466==     in use at exit: 31,028,949 bytes in 54,292 blocks
==11466==   total heap usage: 595,231 allocs, 540,939 frees, 2,225,933,908 bytes allocated
==11466== 
==11466== LEAK SUMMARY:
==11466==    definitely lost: 592,543 bytes in 2,775 blocks
==11466==    indirectly lost: 30,426,465 bytes in 51,505 blocks
==11466==      possibly lost: 8,769 bytes in 3 blocks
==11466==    still reachable: 1,172 bytes in 9 blocks
==11466==         suppressed: 0 bytes in 0 blocks
==11466== Rerun with --leak-check=full to see details of leaked memory
==11466== 
==11466== For counts of detected and suppressed errors, rerun with: -v
==11466== ERROR SUMMARY: 32941 errors from 39 contexts (suppressed: 0 from 0)
